0:100  0:100  MemLog inited, TSC freq: 2095241206
0:100  0:000  CPU was calibrated with ACPI PM Timer
0:100  0:000  
0:100  0:000  Now is 5.4.2018,  12:3:29 (GMT)
0:100  0:000  Starting Clover revision: 4423 on American Megatrends EFI
0:100  0:000  Build with: [Args: -mc --no-usb -D NO_GRUB_DRIVERS_EMBEDDED -t XCODE8 | -D DISABLE_USB_SUPPORT -D NO_GRUB_DRIVERS_EMBEDDED --conf=/Users/ricky/src/edk2/Conf -D USE_BIOS_BLOCKIO -D USE_LOW_EBDA -a X64 -b RELEASE -t XCODE8 -n 9 | OS: 10.13.4 | XCODE: 9.3]
0:100  0:000  SelfDevicePath=PciRoot(0x0)\Pci(0x1D,0x0)\USB(0x1,0x0)\USB(0x3,0x0)\HD(1,GPT,3A52857D-845D-44A8-B3D3-8690B66FDB52,0x28,0x64000) @C70D8B98
0:100  0:000  SelfDirPath = \EFI\BOOT
0:101  0:000  === [ Get Smbios ] ========================================
0:101  0:000  Type 16 Index = 0
0:101  0:000  Total Memory Slots Count = 4
0:101  0:000  Type 17 Index = 0
0:101  0:000  SmbiosTable.Type17->Speed = 1600MHz
0:101  0:000  SmbiosTable.Type17->Size = 4096MB
0:101  0:000  SmbiosTable.Type17->Bank/Device = BANK 0 ChannelA-DIMM0
0:101  0:000  SmbiosTable.Type17->Vendor = Hynix/Hyundai
0:101  0:000  SmbiosTable.Type17->SerialNumber = 108DD541
0:101  0:000  SmbiosTable.Type17->PartNumber = HMT351S6CFR8C-PB  
0:101  0:000  Type 17 Index = 1
0:101  0:000  Ignoring insane frequency value 0MHz
0:101  0:000  SmbiosTable.Type17->Speed = 0MHz
0:101  0:000  SmbiosTable.Type17->Size = 0MB
0:101  0:000  SmbiosTable.Type17->Bank/Device = BANK 1 ChannelA-DIMM1
0:101  0:000  SmbiosTable.Type17->Vendor = <null string>
0:101  0:000  SmbiosTable.Type17->SerialNumber = <null string>
0:101  0:000  SmbiosTable.Type17->PartNumber = <null string>
0:101  0:000  Type 17 Index = 2
0:101  0:000  SmbiosTable.Type17->Speed = 1600MHz
0:101  0:000  SmbiosTable.Type17->Size = 4096MB
0:101  0:000  SmbiosTable.Type17->Bank/Device = BANK 2 ChannelB-DIMM0
0:101  0:000  SmbiosTable.Type17->Vendor = Hynix/Hyundai
0:101  0:000  SmbiosTable.Type17->SerialNumber = 105DD545
0:101  0:000  SmbiosTable.Type17->PartNumber = HMT351S6CFR8C-PB  
0:101  0:000  Type 17 Index = 3
0:101  0:000  Ignoring insane frequency value 0MHz
0:101  0:000  SmbiosTable.Type17->Speed = 0MHz
0:101  0:000  SmbiosTable.Type17->Size = 0MB
0:101  0:000  SmbiosTable.Type17->Bank/Device = BANK 3 ChannelB-DIMM1
0:101  0:000  SmbiosTable.Type17->Vendor = <null string>
0:101  0:000  SmbiosTable.Type17->SerialNumber = <null string>
0:101  0:000  SmbiosTable.Type17->PartNumber = <null string>
0:101  0:000  Boot status=0
0:101  0:000  Running on: 'W35_37ET' with board 'W35_37ET'
0:101  0:000  === [ GetCPUProperties ] ==================================
0:101  0:000  CPU Vendor = 756E6547 Model=306A9
0:101  0:000   The CPU supported SSE4.1
0:101  0:000  BrandString = Intel(R) Core(TM) i7-3612QM CPU @ 2.10GHz
0:101  0:000   The CPU supported turbo
0:101  0:000  MSR 0x35               40008
0:101  0:000  MSR 0xE2 before patch 1E008404
0:101  0:000  MSR 0xE2 is locked, PM patches will be turned on
0:101  0:000  MSR 0xCE              00080C10_E8011500
0:101  0:000  corrected FLEX_RATIO = 100000
0:101  0:000  MSR 0x1B0             00000000
0:101  0:000  FSBFrequency = 100 MHz, DMI FSBFrequency = 100 MHz, Corrected FSBFrequency = 100 MHz
0:101  0:000  MaxDiv/MinDiv: 21.0/12
0:101  0:000  Turbo: 28/28/30/31
0:101  0:000  Features: 0xBFEBFBFF
0:101  0:000  Threads: 8
0:101  0:000  Cores: 4
0:101  0:000  FSB: 100 MHz
0:101  0:000  CPU: 2100 MHz
0:101  0:000  TSC: 2100 MHz
0:101  0:000  PIS: 100 MHz
0:101  0:000  ExternalClock: 25 MHz
0:101  0:000  === [ GetDevices ] ========================================
0:101  0:000  PCI (00|00:00.00) : 8086 0154 class=060000
0:101  0:000  PCI (00|00:01.00) : 8086 0151 class=060400
0:101  0:000  PCI (00|01:00.00) : 10DE 0FD4 class=030000
0:101  0:000   - GFX: Model=Clevo GeForce GTX 660M family E7 (Nvidia)
0:101  0:000  PCI (00|00:02.00) : 8086 0166 class=030000
0:101  0:000   - GFX: Model=Intel HD Graphics 4000 (Intel)
0:101  0:000  PCI (00|00:14.00) : 8086 1E31 class=0C0330
0:101  0:000  PCI (00|00:16.00) : 8086 1E3A class=078000
0:101  0:000  PCI (00|00:16.01) : FFFF FFFF class=FFFFFF
0:101  0:000  PCI (00|00:16.02) : FFFF FFFF class=FFFFFF
0:101  0:000  PCI (00|00:16.03) : FFFF FFFF class=FFFFFF
0:101  0:000  PCI (00|00:1A.00) : 8086 1E2D class=0C0320
0:101  0:000  PCI (00|00:1B.00) : 8086 1E20 class=040300
0:101  0:000  PCI (00|00:1C.00) : 8086 1E10 class=060400
0:101  0:000  PCI (00|00:1C.02) : 8086 1E14 class=060400
0:101  0:000  PCI (00|03:00.00) : 10EC 8723 class=028000
0:101  0:000   - WIFI: Vendor=Realtek
0:101  0:000  PCI (00|00:1C.03) : 8086 1E16 class=060400
0:101  0:000  PCI (00|04:00.00) : 10EC 5289 class=FF0000
0:101  0:000  PCI (00|04:00.02) : 10EC 8168 class=020000
0:101  0:000   - LAN: 0 Vendor=Realtek
0:101  0:000  PCI (00|00:1D.00) : 8086 1E26 class=0C0320
0:101  0:000  PCI (00|00:1F.00) : 8086 1E57 class=060100
0:101  0:000  PCI (00|00:1F.02) : 8086 1E03 class=010601
0:101  0:000  PCI (00|00:1F.03) : 8086 1E22 class=0C0500
0:101  0:000  PCI (00|00:1F.06) : FFFF FFFF class=FFFFFF
0:101  0:000  === [ GetDefaultSettings ] ================================
0:101  0:000  Clover load options size = 4 bytes
0:116  0:014  EFI\CLOVER\AMB.plist not loaded with name from LoadOptions: Not Found
0:118  0:002  EFI\CLOVER\config.plist loaded: Success
0:118  0:000  === [ GetListOfThemes ] ===================================
0:122  0:003  - [00]: BOOTCAMP
0:126  0:004  - [01]: RANDOM
0:128  0:001  === [ Found config plists ] ===============================
0:128  0:000  - confighd4000.plist
0:128  0:000  - config.plist
0:128  0:000  === [ GetEarlyUserSettings ] ==============================
0:128  0:000  timeout set to 0
0:128  0:000  Custom boot CUSTOM_BOOT_DISABLED (0x0)
0:128  0:000  KextsToPatch: 3 requested
0:128  0:000   - [00]: AppleAHCIPort (External icons patch) :: BinPatch :: data len: 8
0:128  0:000   - [01]: AppleUSBXHCIPCI (Change 15 port limit to 24 in XHCI kext 10.13) :: BinPatch :: data len: 4
0:128  0:000   - [02]: AppleUSBXHCIPCI (Change 15 port limit to 24 in XHCI kext 10.13.4) :: BinPatch :: data len: 8
0:128  0:000  Default theme: black_green
0:128  0:000  Hiding entries with string BOOTX64.EFI
0:128  0:000  Hiding entries with string Windows
0:128  0:000  === [ LoadDrivers ] =======================================
0:137  0:008  Loading DataHubDxe-64.efi  status=Success
0:166  0:029  Loading FSInject-64.efi  status=Success
0:171  0:004  Loading NTFS.EFI  status=Success
0:185  0:014   - driver needs connecting
0:185  0:000  Loading APFS.EFI  status=Success
0:238  0:052   - driver needs connecting
0:238  0:000  Loading OsxFatBinaryDrv-64.efi  status=Success
0:240  0:002  Loading PartitionDxe-64.efi  status=Success
0:244  0:003   - driver needs connecting
0:244  0:000  Loading AptioMemoryFix.efi  status=Success
0:250  0:006  Loading HFSPlus.efi  status=Success
0:254  0:004   - driver needs connecting
0:254  0:000  4 drivers needs connecting ...
0:254  0:000  PlatformDriverOverrideProtocol not found. Installing ... Success
0:254  0:000  Partition driver loaded: CD disconnect Success
0:254  0:000  HFS+ driver loaded
0:254  0:000  APFS driver loaded
0:254  0:000  Searching for invalid DiskIo BY_DRIVER connects: not found, all ok
0:531  0:277  === [ InitScreen ] ========================================
0:531  0:000  SetMaxResolution: found best mode 0: 1920x1080
0:531  0:000   - already set
0:531  0:000  Console modes reported: 3, available modes:
0:531  0:000   - [01]: 80x25 (current mode)
0:531  0:000   - [02]: 80x50
0:531  0:000   - [03]: 100x31
0:531  0:000  SetScreenResolution: 1920x1080 - already set
0:531  0:000  reinit: self device path=PciRoot(0x0)\Pci(0x1D,0x0)\USB(0x1,0x0)\USB(0x3,0x0)\HD(1,GPT,3A52857D-845D-44A8-B3D3-8690B66FDB52,0x28,0x64000)
0:532  0:000  === [ GetMacAddress ] =====================================
0:532  0:000  MAC address of LAN #0= 00:90:F5:D8:06:22:
0:532  0:000  === [ ScanSPD ] ===========================================
0:532  0:000  SMBus device : 8086 1E22 class=0C0500 status=Success
0:532  0:000  SMBus CmdReg: 0x3
0:532  0:000  Scanning SMBus [8086:1E22], mmio: 0xF7A15004, ioport: 0xF040, hostc: 0x1
0:532  0:000  Slots to scan [8]...
0:533  0:000  SPD[0]: Type 11 @0x50
0:551  0:018  DDR speed 1600MHz
0:551  0:000  Slot: 0 Type 24 4096MB 1600MHz Vendor=SK Hynix PartNo=HMT351S6CFR8C-PBN0 SerialNo=0100080D0D050401
0:552  0:000  SPD[2]: Type 11 @0x52
0:571  0:018  DDR speed 1600MHz
0:571  0:000  Slot: 2 Type 24 4096MB 1600MHz Vendor=SK Hynix PartNo=HMT351S6CFR8C-PBN0 SerialNo=0100050D0D050405
0:571  0:000  === [ GetAcpiTablesList ] =================================
0:571  0:000  Get Acpi Tables List from RSDT:
0:571  0:000   - [00]: FACP  A M I len=132
0:571  0:000   - [01]: APIC  A M I len=146
0:571  0:000   - [02]: FPDT  A M I len=68
0:571  0:000   - [03]: MCFG  A M I len=60
0:571  0:000   - [04]: SSDT  PtidDevc len=3749
0:571  0:000   - [05]: HPET  A M I len=56
0:571  0:000   - [06]: SSDT  SataTabl len=789
0:571  0:000   - [07]: SSDT  Cpu0Ist len=2144
0:571  0:000   - [08]: SSDT  CpuPm len=2706
0:571  0:000   - [09]: SSDT  SgTabl len=1396
0:571  0:000   - [10]: SSDT  OptTabl len=4012
0:571  0:000   - [11]: BGRT  A M I len=56
0:571  0:000  Calibrated TSC Frequency = 2095241206 = 2095MHz
0:571  0:000  === [ GetUserSettings ] ===================================
0:571  0:000  USB FixOwnership: yes
0:571  0:000   - final DSDT Fix mask=20020015
0:571  0:000  PatchesDSDT: 2 requested
0:571  0:000   - [00]: (change SAT0 to SATA) lenToFind: 4, lenToReplace: 4, Target Bridge: <null string>
0:571  0:000   - [01]: (change HECI to IMEI) lenToFind: 4, lenToReplace: 4, Target Bridge: <null string>
0:571  0:000  Using ProductName from config: iMac14,2
0:571  0:000  Using latest BiosVersion from clover
0:571  0:000  BiosVersion: IM142.88Z.0128.B00.1802021101
0:571  0:000  BiosReleaseDate: 02/02/2018
0:571  0:000  Using FirmwareFeatures from config: 0xE00FE137
0:571  0:000  Using FirmwareFeaturesMask from config: 0xFF1FFF3F
0:571  0:000  Board-ID set from config as Mac-27ADBB7B4CEE8E61
0:571  0:000  BoardType: 0xA
0:571  0:000  ChassisType: 0xD
2:075  1:503  === [ ScanVolumes ] =======================================
2:075  0:000  Found 9 volumes with blockIO
2:075  0:000  - [00]: Volume: PciRoot(0x0)\Pci(0x1D,0x0)\USB(0x1,0x0)\USB(0x3,0x0)
2:076  0:001          USB volume
2:076  0:000          USB volume
2:076  0:000  - [01]: Volume: PciRoot(0x0)\Pci(0x1D,0x0)\USB(0x1,0x0)\USB(0x3,0x0)\HD(1,GPT,3A52857D-845D-44A8-B3D3-8690B66FDB52,0x28,0x64000)
2:077  0:001          Result of bootcode detection: bootable unknown (legacy)
2:077  0:000          USB volume
2:077  0:000          USB volume
2:204  0:126          This is SelfVolume !!
2:204  0:000  - [02]: Volume: PciRoot(0x0)\Pci(0x1D,0x0)\USB(0x1,0x0)\USB(0x3,0x0)\HD(2,GPT,DF278CE0-5584-4544-973D-FCE86EEAE0C8,0x64028,0x9F9F68)
2:205  0:001          USB volume
2:205  0:000          USB volume
2:205  0:000  - [03]: Volume: PciRoot(0x0)\Pci(0x1F,0x2)\Sata(0x0,0xFFFF,0x0)
2:249  0:044  - [04]: Volume: PciRoot(0x0)\Pci(0x1F,0x2)\Sata(0x2,0xFFFF,0x0)
2:249  0:000          Found optical drive
2:249  0:000  - [05]: Volume: PciRoot(0x0)\Pci(0x1F,0x2)\Sata(0x0,0xFFFF,0x0)\HD(1,GPT,50E6AD0F-3836-41E6-BE35-74513B1B2E25,0x28,0x64000)
2:250  0:000          Result of bootcode detection: bootable unknown (legacy)
2:264  0:014  - [06]: Volume: PciRoot(0x0)\Pci(0x1F,0x2)\Sata(0x0,0xFFFF,0x0)\HD(2,GPT,C040C348-5347-4286-A9C5-5FA93EBBBCA3,0x64028,0x600E8B8)
2:265  0:000  - [07]: Volume: PciRoot(0x0)\Pci(0x1F,0x2)\Sata(0x0,0xFFFF,0x0)\HD(3,GPT,C194D9F0-90CD-49B8-B41D-64D4BF4FD1AA,0x60728E0,0x135F20)
2:266  0:001  - [08]: Volume: PciRoot(0x0)\Pci(0x1F,0x2)\Sata(0x0,0xFFFF,0x0)\HD(4,GPT,09ED9319-4BBB-439A-9B63-A95D26B2D67F,0x61A8800,0x341DD000)
2:281  0:015          Result of bootcode detection: bootable Windows (vista,win)
2:289  0:008  === [ InitTheme ] =========================================
2:289  0:000  GlobalConfig: theme.plist not found, get random theme BOOTCAMP
2:302  0:012  Using theme 'BOOTCAMP' (EFI\CLOVER\themes\BOOTCAMP)
2:302  0:000  Warning! Character width 9 should be even!
2:303  0:000  Loading font from ThemeDir: Error
2:304  0:001  Choosing theme BOOTCAMP
2:304  0:000  after NVRAM boot-args=-v dart=0 nv_disable=1 -disablegfxfirmware
2:304  0:000  === [ Dump SMC keys from NVRAM ] ==========================
2:304  0:000  no AppleSMC protocol
2:319  0:015  === [ ScanLoader ] ========================================
2:319  0:000  - [01]: 'EFI'
2:319  0:000  - [02]: 'Install macOS High Sierra'
2:321  0:001          AddLoaderEntry for Volume Name=Install macOS High Sierra
2:345  0:024          AddLoaderEntry for Volume Name=Install macOS High Sierra
2:347  0:002  - [05]: 'EFI'
2:365  0:017  - [06]: 'OS X'
2:394  0:029          AddLoaderEntry for Volume Name=OS X
2:414  0:020      Check if volume Is Hibernated:
2:414  0:000      Check sleep image 'by signature':
2:472  0:057      read prefs \Library\Preferences\com.apple.PowerManagement.plist status=Success
2:472  0:000      using default sleep image name = \private\var\vm\sleepimage
2:503  0:031      sleepimage not found -> Not Found
2:503  0:000      hibernated: no - sign
2:508  0:004  - [07]: 'Recovery HD'
2:520  0:012          AddLoaderEntry for Volume Name=Recovery HD
2:536  0:016  Scanning legacy ...
2:536  0:000   8: 'Legacy HD4' (vista,win) add legacy
2:540  0:003   added 'Boot Windows from Legacy HD4' OSType=2 Icon=vista,win
2:540  0:000  === [ AddCustomTool ] =====================================
2:543  0:003  found tool \EFI\CLOVER\tools\Shell64U.efi
2:543  0:000  Checking EFI partition Volume 1 for Clover
2:546  0:002   Found Clover
2:556  0:009  === [ GetEfiBootDeviceFromNvram ] =========================
2:556  0:000  Default boot entry not found
2:556  0:000  DefaultIndex=-1 and MainMenu.EntryCount=11
2:744  0:187  GUI ready
10:650  7:905  EDITED: -v dart=0 nv_disable=1 -disablegfxfirmware 
138:821  128:171   boot with args: -v dart=0 nv_disable=1 -disablegfxfirmware
138:822  0:000  Boot option Boot0000 not found
138:822  0:000  === [ StartLoader ] =======================================
138:822  0:000  Finally: ExternalClock=24MHz BusSpeed=99773kHz CPUFreq=2095MHz PIS: hw.busfrequency=96000000Hz
138:822  0:000  Loading boot.efi  status=Success
138:909  0:087  GetOSVersion: 10.13.4 (17E199)
138:909  0:000  CSR_CFG: CSR_ALLOW_UNTRUSTED_KEXTS | CSR_ALLOW_UNRESTRICTED_FS | CSR_ALLOW_TASK_FOR_PID | CSR_ALLOW_UNRESTRICTED_DTRACE | CSR_ALLOW_UNRESTRICTED_NVRAM
138:909  0:000  Filtering KextPatches:
138:909  0:000   - [00]: AppleAHCIPort (External icons patch) :: BinPatch :: [OS: 10.13.4 | MatchOS: All | MatchBuild: All] ==> allowed
138:909  0:000   - [01]: AppleUSBXHCIPCI (Change 15 port limit to 24 in XHCI kext 10.13) :: BinPatch :: [OS: 10.13.4 | MatchOS: All | MatchBuild: All] ==> allowed
138:909  0:000   - [02]: AppleUSBXHCIPCI (Change 15 port limit to 24 in XHCI kext 10.13.4) :: BinPatch :: [OS: 10.13.4 | MatchOS: All | MatchBuild: All] ==> allowed
138:909  0:000  Will not patch boot.efi
138:909  0:000  === [ PatchSmbios ] =======================================
138:909  0:000  insert table 9 for dev 0:0
138:909  0:000  insert table 9 for dev 0:2
138:909  0:000  insert table 9 for dev 0:0
138:910  0:001  Trusting SMBIOS...
138:910  0:000  Channels: 2
138:910  0:000  Interleave: 0 2 1 3 4 6 5 7 8 10 9 11 12 14 13 15 16 18 17 19 20 22 21 23
138:910  0:000   partNum=HMT351S6CFR8C-PB  
138:910  0:000  SMBIOS Type 17 Index = 0 => 0 0:
138:910  0:000  BANK 0 DIMM0 1600MHz 4096MB
138:910  0:000   partNum=HMT351S6CFR8C-PB  
138:910  0:000  SMBIOS Type 17 Index = 1 => 2 2:
138:910  0:000  BANK 1 DIMM0 1600MHz 4096MB
138:910  0:000  SMBIOS Type 17 Index = 2 => 1 1:
138:910  0:000  BANK 0 DIMM1 EMPTY
138:910  0:000  SMBIOS Type 17 Index = 3 => 3 3:
138:910  0:000  BANK 1 DIMM1 EMPTY
138:910  0:000  mTotalSystemMemory = 8192
138:910  0:000  NumberOfMemoryDevices = 4
138:910  0:000  Type20[0]->End = 0x3FFFFF, Type17[0] = 0x1000
138:910  0:000  Type20[1]->End = 0x7FFFFF, Type17[1] = 0x3000
138:910  0:000  Table 131 is present, CPUType=31
138:910  0:000  Change to: 704
138:910  0:000  === [ PatchACPI ] =========================================
138:910  0:000  Xsdt reallocation done
138:910  0:000  old FADT length=10C
138:910  0:000   SignatureFixup: 0x0 -> 0x0
138:910  0:000  Apply DsdtFixMask=0x20120015
138:910  0:000     drop _DSM mask=0x0000
138:910  0:000  === [ FixBiosDsdt ] =======================================
138:910  0:000  VideoCard devID=0xFD410DE
138:910  0:000  DisplayADR1[0] = 0x10000, DisplayADR2[0] = 0x0
138:910  0:000  VideoCard devID=0x1668086
138:910  0:000  DisplayADR1[1] = 0x20000, DisplayADR2[1] = 0xFFFE
138:910  0:000  USBADR[0] = 0x140000 and PCIe = 0xFFFE
138:910  0:000  USBADR[1] = 0x1A0000 and PCIe = 0xFFFE
139:049  0:138  USBADR[2] = 0x1D0000 and PCIe = 0xFFFE
139:049  0:000  Patching DSDT:
139:049  0:000   - [change SAT0 to SATA]: pattern 53415430, patched at: [ (4465) (1DA7) (140) ]
139:049  0:000   - [change HECI to IMEI]: pattern 48454349, bin not found / already patched!
139:049  0:000  first CPU found at 4F42 offset 4F45
139:049  0:000  score candidate at 4F3E
139:049  0:000  score inserted in acpi_cpu_score _PR_
139:049  0:000  Found ACPI CPU: CPU0 | CPU1 | CPU2 | CPU3 | CPU4 | CPU5 | CPU6 | CPU7 , within the score: _PR_
139:050  0:000  Found PCIROOTUID = 0
139:050  0:000  Start RTC Fix
139:050  0:000  found RTC Length not match, Maybe will cause CMOS reset will patch it.
139:050  0:000  found RTC had IRQNoFlag will move -3 bytes
139:050  0:000  ...len=9185
139:050  0:000  new size written to 24FE shift=0 len=9185
139:050  0:000  len after correct outers 9185
139:050  0:000  Start HPET Fix
139:050  0:000  Start Display1 Fix
139:051  0:000   builtin display
139:051  0:000  Skipping Method(_DSM) for 8086 card
139:051  0:000  now inserting Video device
139:051  0:000  ... into existing bridge
139:051  0:000  patch Display #1 of Vendor=0x8086
139:051  0:000  Start SHUTDOWN Fix len=9113
139:051  0:000  PreCleanup XSDT: count=12, length=132
139:051  0:000  PreCleanup XSDT, corrected XSDT: count=12, length=132
139:051  0:000  === [ ACPIDropTables ] ====================================
139:051  0:000  === [ PatchAllSSDT ] ======================================
139:051  0:000  Patch table: SSDT  PtidDevc len=0xEA5
139:051  0:000  0. [change SAT0 to SATA]: pattern 53415430, bin not found / already patched!
139:051  0:000  1. [change HECI to IMEI]: pattern 48454349, bin not found / already patched!
139:051  0:000  Patch table: SSDT  SataTabl len=0x315
139:051  0:000  0. [change SAT0 to SATA]: pattern 53415430, patched at: [ (B5) ]
139:051  0:000  1. [change HECI to IMEI]: pattern 48454349, bin not found / already patched!
139:051  0:000  Patch table: SSDT  Cpu0Ist len=0x860
139:051  0:000  0. [change SAT0 to SATA]: pattern 53415430, bin not found / already patched!
139:051  0:000  1. [change HECI to IMEI]: pattern 48454349, bin not found / already patched!
139:051  0:000  Patch table: SSDT  CpuPm len=0xA92
139:051  0:000  0. [change SAT0 to SATA]: pattern 53415430, bin not found / already patched!
139:051  0:000  1. [change HECI to IMEI]: pattern 48454349, bin not found / already patched!
139:051  0:000  Patch table: SSDT  SgTabl len=0x574
139:051  0:000  0. [change SAT0 to SATA]: pattern 53415430, bin not found / already patched!
139:051  0:000  1. [change HECI to IMEI]: pattern 48454349, bin not found / already patched!
139:051  0:000  Patch table: SSDT  OptTabl len=0xFAC
139:051  0:000  0. [change SAT0 to SATA]: pattern 53415430, bin not found / already patched!
139:051  0:000  1. [change HECI to IMEI]: pattern 48454349, bin not found / already patched!
139:051  0:000  CPUBase=0 and ApicCPUBase=1 ApicCPUNum=8
139:051  0:000  Maximum control=0x15
139:051  0:000  Turbo control=0x1F
139:051  0:000  P-States: min 0x7, max 0x1F
139:051  0:000  SSDT with CPU P-States and plugin-type generated successfully
139:051  0:000  SSDT with CPU C-States generated successfully
139:051  0:000  Cleanup XSDT: count=14, length=148
139:051  0:000  corrected XSDT count=14, length=148
139:051  0:000  === [ RestSetup macOS ] ===================================
139:051  0:000  EdidDiscovered size=128
139:051  0:000  --- Discovered EDID Table size:128
139:051  0:000  000  |  00  FF  FF  FF  FF  FF  FF  00  30  E4
139:051  0:000  010  |  E9  01  00  00  00  00  00  13  01  03
139:051  0:000  020  |  80  23  13  78  0A  08  D5  9F  5A  50
139:051  0:000  030  |  96  25  1E  50  54  00  00  00  01  01
139:051  0:000  040  |  01  01  01  01  01  01  01  01  01  01
139:051  0:000  050  |  01  01  01  01  1A  36  80  A0  70  38
139:051  0:000  060  |  1F  40  30  20  35  00  59  C2  10  00
139:051  0:000  070  |  00  19  00  00  00  00  00  00  00  00
139:051  0:000  080  |  00  00  00  00  00  00  00  00  00  00
139:051  0:000  090  |  00  00  00  FE  00  4C  47  20  44  69
139:051  0:000  100  |  73  70  6C  61  79  0A  20  20  00  00
139:051  0:000  110  |  00  FE  00  4C  50  31  35  36  57  46
139:051  0:000  120  |  31  2D  54  4C  43  31  00  B0
139:051  0:000  NVidia GFX injection not set
139:051  0:000  Intel HD Graphics 4000 [8086:0166] :: PciRoot(0x0)\Pci(0x2,0x0)
139:051  0:000    Found Full HD Display - 16:9 :: Width=1920 Height=1080
139:051  0:000    IntelHDMI: used
139:051  0:000    Beginning DualLink auto-detection
139:051  0:000    High Resolution Display
139:051  0:000    AAPL00,DualLink = 1
139:051  0:000    FakeID Intel GFX: not set
139:051  0:000    ig-platform-id: not set
139:051  0:000    Beginning Intel GFX auto-detection with ACPI injection
139:051  0:000    Found FakeID Intel GFX = 0x01668086
139:051  0:000    Found ig-platform-id = 0x01660004
139:051  0:000  Intel GFX revision  = 0x9
139:190  0:138   codec not detected
139:190  0:000  stringlength = 2988
139:190  0:000  CurrentMode: Width=1920 Height=1080
139:190  0:000  Beginning FSInjection
FSInjectionInstall ...
- Our FSI_SIMPLE_FILE_SYSTEM_PROTOCOL installed on handle: C70D8898
FSInjectionInstall ...
- Our FSI_SIMPLE_FILE_SYSTEM_PROTOCOL installed on handle: C70D8898
139:199  0:009  Use origin smbios table type 1 guid.
139:203  0:003  Preparing kexts injection for arch=x86_64 from EFI\CLOVER\kexts\Other
139:203  0:000  Extra kext: EFI\CLOVER\kexts\Other\AppleALC.kext (v.1.2.4)
139:305  0:102    |-- PlugIn kext: EFI\CLOVER\kexts\Other\AppleALC.kext\Contents\PlugIns\PinConfigs.kext (v.1.0.0)
139:825  0:520  Extra kext: EFI\CLOVER\kexts\Other\IntelGraphicsDVMTFixup.kext (v.1.2.0)
139:852  0:026  Extra kext: EFI\CLOVER\kexts\Other\Lilu.kext (v.1.2.3)
139:885  0:032  Extra kext: EFI\CLOVER\kexts\Other\AppleACPIBatteryManager.kext (v.<null string>)
139:885  0:000  Failed to load extra kext (Info.plist not found): EFI\CLOVER\kexts\Other\AppleACPIBatteryManager.kext
139:885  0:000  Extra kext: EFI\CLOVER\kexts\Other\VoodooPS2Controller.kext (v.1.8.24)
139:926  0:041    |-- PlugIn kext: EFI\CLOVER\kexts\Other\VoodooPS2Controller.kext\Contents\PlugIns\VoodooPS2Trackpad.kext (v.1.8.24)
140:000  0:074    |-- PlugIn kext: EFI\CLOVER\kexts\Other\VoodooPS2Controller.kext\Contents\PlugIns\VoodooPS2Mouse.kext (v.1.8.24)
140:034  0:033    |-- PlugIn kext: EFI\CLOVER\kexts\Other\VoodooPS2Controller.kext\Contents\PlugIns\VoodooPS2Keyboard.kext (v.1.8.24)
140:140  0:106  Extra kext: EFI\CLOVER\kexts\Other\VoodooHDA.kext (v.2.9.1)
140:189  0:048  Extra kext: EFI\CLOVER\kexts\Other\USBInjectAll.kext (v.0.5.14)
141:154  0:965  Extra kext: EFI\CLOVER\kexts\Other\SATA-10-series-8086-9d03.kext (v.0.5)
141:165  0:011  Extra kext: EFI\CLOVER\kexts\Other\IntelMausiEthernet.kext (v.2.1.0d3)
141:205  0:039  Extra kext: EFI\CLOVER\kexts\Other\HDMIAudio.kext (v.1.0)
141:229  0:024  Extra kext: EFI\CLOVER\kexts\Other\IntelGraphicsFixup.kext (v.1.2.6)
141:290  0:060  Extra kext: EFI\CLOVER\kexts\Other\FakeSMC.kext (v.1328)
141:366  0:076    |-- PlugIn kext: EFI\CLOVER\kexts\Other\FakeSMC.kext\Contents\PlugIns\LPCSensors.kext (v.1328)
142:157  0:790    |-- PlugIn kext: EFI\CLOVER\kexts\Other\FakeSMC.kext\Contents\PlugIns\GPUSensors.kext (v.1328)
142:207  0:050    |-- PlugIn kext: EFI\CLOVER\kexts\Other\FakeSMC.kext\Contents\PlugIns\CPUSensors.kext (v.1328)
142:234  0:027    |-- PlugIn kext: EFI\CLOVER\kexts\Other\FakeSMC.kext\Contents\PlugIns\ACPISensors.kext (v.1328)
142:288  0:054  Extra kext: EFI\CLOVER\kexts\Other\FakePCIID_XHCIMux.kext (v.1.3.1)
142:326  0:037  Extra kext: EFI\CLOVER\kexts\Other\FakePCIID_Intel_HD_Graphics.kext (v.1.3.1)
142:358  0:031  Extra kext: EFI\CLOVER\kexts\Other\FakePCIID.kext (v.1.3.1)
142:381  0:023  Extra kext: EFI\CLOVER\kexts\Other\CodecCommander.kext (v.2.6.2)
142:470  0:089  Extra kext: EFI\CLOVER\kexts\Other\BTFirmwareUploader.kext (v.2.6)
142:851  0:380    |-- PlugIn kext: EFI\CLOVER\kexts\Other\BTFirmwareUploader.kext\Contents\PlugIns\BluetoothDevInfo.kext (v.1.3)
142:991  0:139  Extra kext: EFI\CLOVER\kexts\Other\AtherosE2200Ethernet.kext (v.1.1.1)
143:027  0:036  Extra kext: EFI\CLOVER\kexts\Other\ApplePS2ElanTouchpad.kext (v.3.8.5)
143:193  0:165    |-- PlugIn kext: EFI\CLOVER\kexts\Other\ApplePS2ElanTouchpad.kext\Contents\PlugIns\ApplePS2Keyboard.kext (v.3.8.5)
143:249  0:055    |-- PlugIn kext: EFI\CLOVER\kexts\Other\ApplePS2ElanTouchpad.kext\Contents\PlugIns\ApplePS2Controller.kext (v.3.8.5)
143:282  0:032  Extra kext: EFI\CLOVER\kexts\Other\AppleHDA.kext (v.2.6.5a60)
143:411  0:129    |-- PlugIn kext: EFI\CLOVER\kexts\Other\AppleHDA.kext\Contents\PlugIns\IOHDAFamily.kext (v.2.6.5a60)
143:442  0:030    |-- PlugIn kext: EFI\CLOVER\kexts\Other\AppleHDA.kext\Contents\PlugIns\DspFuncLib.kext (v.2.6.5a60)
143:548  0:106    |-- PlugIn kext: EFI\CLOVER\kexts\Other\AppleHDA.kext\Contents\PlugIns\AppleMikeyDriver.kext (v.2.6.5a60)
143:588  0:039    |-- PlugIn kext: EFI\CLOVER\kexts\Other\AppleHDA.kext\Contents\PlugIns\AppleHDAHardwareConfigDriver.kext (v.2.6.5a60)
143:615  0:026    |-- PlugIn kext: EFI\CLOVER\kexts\Other\AppleHDA.kext\Contents\PlugIns\AppleHDAController.kext (v.2.6.5a60)
143:669  0:053  Extra kext: EFI\CLOVER\kexts\Other\AHCI_Intel_Generic_SATA.kext (v.0.5)
143:698  0:029  Extra kext: EFI\CLOVER\kexts\Other\AHCI_3rdParty_SATA.kext (v.0.5)
143:805  0:106  Extra kext: EFI\CLOVER\kexts\Other\RealtekRTL8111.kext (v.2.2.2)
143:876  0:071  Extra kext: EFI\CLOVER\kexts\Other\ACPIBacklight.kext (v.2.0.2)
143:910  0:033  Custom boot screen not used because entry has unset use graphics
143:910  0:000  Closing log
